#
# There is insufficient memory for the Java Runtime Environment to continue.
# Native memory allocation (malloc) failed to allocate 1048576 bytes for AllocateHeap
# Possible reasons:
#   The system is out of physical RAM or swap space
#   In 32 bit mode, the process size limit was hit
# Possible solutions:
#   Reduce memory load on the system
#   Increase physical memory or swap space
#   Check if swap backing store is full
#   Use 64 bit Java on a 64 bit OS
#   Decrease Java heap size (-Xmx/-Xms)
#   Decrease number of Java threads
#   Decrease Java thread stack sizes (-Xss)
#   Set larger code cache with -XX:ReservedCodeCacheSize=
# This output file may be truncated or incomplete.
#
#  Out of Memory Error (memory/allocation.inline.hpp:61), pid=10356, tid=0x0000000000002228
#
# JRE version:  (8.0_131-b11) (build )
# Java VM: Java HotSpot(TM) 64-Bit Server VM (25.131-b11 mixed mode windows-amd64 compressed oops)
# Failed to write core dump. Minidumps are not enabled by default on client versions of Windows
#

---------------  T H R E A D  ---------------

Current thread (0x0000000002bed800):  JavaThread "Unknown thread" [_thread_in_vm, id=8744, stack(0x0000000002a00000,0x0000000002b00000)]

Stack: [0x0000000002a00000,0x0000000002b00000]
[error occurred during error reporting (printing stack bounds), id 0xc0000005]

Native frames: (J=compiled Java code, j=interpreted, Vv=VM code, C=native code)


---------------  P R O C E S S  ---------------

Java Threads: ( => current thread )

Other Threads:

=>0x0000000002bed800 (exited) JavaThread "Unknown thread" [_thread_in_vm, id=8744, stack(0x0000000002a00000,0x0000000002b00000)]

VM state:not at safepoint (normal execution)

VM Mutex/Monitor currently owned by a thread: None

Heap:
 PSYoungGen      total 18944K, used 327K [0x00000000eb400000, 0x00000000ec900000, 0x0000000100000000)
  eden space 16384K, 2% used [0x00000000eb400000,0x00000000eb451ec8,0x00000000ec400000)
  from space 2560K, 0% used [0x00000000ec680000,0x00000000ec680000,0x00000000ec900000)
  to   space 2560K, 0% used [0x00000000ec400000,0x00000000ec400000,0x00000000ec680000)
 ParOldGen       total 44032K, used 0K [0x00000000c1c00000, 0x00000000c4700000, 0x00000000eb400000)
  object space 44032K, 0% used [0x00000000c1c00000,0x00000000c1c00000,0x00000000c4700000)
 Metaspace       used 746K, capacity 4480K, committed 4480K, reserved 1056768K
  class space    used 75K, capacity 384K, committed 384K, reserved 1048576K

Card table byte_map: [0x00000000120b0000,0x00000000122b0000] byte_map_base: 0x0000000011aa2000

Marking Bits: (ParMarkBitMap*) 0x0000000060aac720
 Begin Bits: [0x0000000012600000, 0x0000000013590000)
 End Bits:   [0x0000000013590000, 0x0000000014520000)

Polling page: 0x0000000001090000

CodeCache: size=245760Kb used=327Kb max_used=327Kb free=245432Kb
 bounds [0x0000000002cf0000, 0x0000000002f60000, 0x0000000011cf0000]
 total_blobs=57 nmethods=0 adapters=38
 compilation: enabled

Compilation events (0 events):
No events

GC Heap History (0 events):
No events

Deoptimization events (0 events):
No events

Internal exceptions (0 events):
No events

Events (10 events):
Event: 0.150 loading class java/lang/Short
Event: 0.151 loading class java/lang/Short done
Event: 0.151 loading class java/lang/Integer
Event: 0.151 loading class java/lang/Integer done
Event: 0.151 loading class java/lang/Long
Event: 0.151 loading class java/lang/Long done
Event: 0.154 loading class java/lang/NullPointerException
Event: 0.154 loading class java/lang/NullPointerException done
Event: 0.154 loading class java/lang/ArithmeticException
Event: 0.154 loading class java/lang/ArithmeticException done


Dynamic libraries:
0x00007ff7c6830000 - 0x00007ff7c6867000 	C:\Program Files\Java\jre1.8.0_131\bin\javaw.exe
0x00007ffd00d40000 - 0x00007ffd00eed000 	C:\WINDOWS\SYSTEM32\ntdll.dll
0x00007ffd001c0000 - 0x00007ffd002fe000 	C:\WINDOWS\system32\KERNEL32.DLL
0x00007ffcfdfc0000 - 0x00007ffcfe0d5000 	C:\WINDOWS\system32\KERNELBASE.dll
0x00007ffcfca20000 - 0x00007ffcfcaae000 	C:\WINDOWS\system32\apphelp.dll
0x00007ffcdbff0000 - 0x00007ffcdc043000 	C:\WINDOWS\AppPatch\AppPatch64\AcGenral.DLL
0x00007ffd00a40000 - 0x00007ffd00aea000 	C:\WINDOWS\system32\msvcrt.dll
0x00007ffcfdf90000 - 0x00007ffcfdfbe000 	C:\WINDOWS\system32\SspiCli.dll
0x00007ffd00c70000 - 0x00007ffd00cc4000 	C:\WINDOWS\system32\SHLWAPI.dll
0x00007ffd003d0000 - 0x00007ffd00547000 	C:\WINDOWS\system32\USER32.dll
0x00007ffd008a0000 - 0x00007ffd00a34000 	C:\WINDOWS\system32\ole32.dll
0x00007ffcfe590000 - 0x00007ffcffab8000 	C:\WINDOWS\system32\SHELL32.dll
0x00007ffcfd420000 - 0x00007ffcfd441000 	C:\WINDOWS\SYSTEM32\USERENV.dll
0x00007ffcffe40000 - 0x00007ffcffeea000 	C:\WINDOWS\system32\ADVAPI32.dll
0x00007ffcf5320000 - 0x00007ffcf533e000 	C:\WINDOWS\SYSTEM32\MPR.dll
0x00007ffcffef0000 - 0x00007ffd00030000 	C:\WINDOWS\system32\RPCRT4.dll
0x00007ffd00370000 - 0x00007ffd003c9000 	C:\WINDOWS\SYSTEM32\sechost.dll
0x00007ffcffc20000 - 0x00007ffcffe32000 	C:\WINDOWS\SYSTEM32\combase.dll
0x00007ffd00570000 - 0x00007ffd006bf000 	C:\WINDOWS\system32\GDI32.dll
0x00007ffcfde60000 - 0x00007ffcfde75000 	C:\WINDOWS\SYSTEM32\profapi.dll
0x00007ffcfc3f0000 - 0x00007ffcfc4a2000 	C:\WINDOWS\SYSTEM32\SHCORE.dll
0x00007ffcffac0000 - 0x00007ffcffaf6000 	C:\WINDOWS\system32\IMM32.DLL
0x00007ffd00af0000 - 0x00007ffd00c42000 	C:\WINDOWS\system32\MSCTF.dll
0x00007ffcfae90000 - 0x00007ffcfb10b000 	C:\WINDOWS\WinSxS\amd64_microsoft.windows.common-controls_6595b64144ccf1df_6.0.9600.18006_none_623f33d3ecbe86e8\COMCTL32.dll
0x0000000060140000 - 0x0000000060212000 	C:\Program Files\Java\jre1.8.0_131\bin\msvcr100.dll
0x0000000060290000 - 0x0000000060b2c000 	C:\Program Files\Java\jre1.8.0_131\bin\server\jvm.dll
0x00007ffcee080000 - 0x00007ffcee089000 	C:\WINDOWS\SYSTEM32\WSOCK32.dll
0x00007ffcee0f0000 - 0x00007ffcee112000 	C:\WINDOWS\SYSTEM32\WINMM.dll
0x00007ffcf7300000 - 0x00007ffcf730a000 	C:\WINDOWS\SYSTEM32\VERSION.dll
0x00007ffd00d30000 - 0x00007ffd00d37000 	C:\WINDOWS\system32\PSAPI.DLL
0x00007ffd00cd0000 - 0x00007ffd00d2a000 	C:\WINDOWS\system32\WS2_32.dll
0x00007ffcee0c0000 - 0x00007ffcee0ea000 	C:\WINDOWS\SYSTEM32\WINMMBASE.dll
0x00007ffd00c60000 - 0x00007ffd00c69000 	C:\WINDOWS\system32\NSI.dll
0x00007ffcfe2c0000 - 0x00007ffcfe30f000 	C:\WINDOWS\SYSTEM32\cfgmgr32.dll
0x00007ffcfcc70000 - 0x00007ffcfcc98000 	C:\WINDOWS\SYSTEM32\DEVOBJ.dll
0x00000000615e0000 - 0x00000000615ef000 	C:\Program Files\Java\jre1.8.0_131\bin\verify.dll
0x00000000615b0000 - 0x00000000615d9000 	C:\Program Files\Java\jre1.8.0_131\bin\java.dll
0x0000000061500000 - 0x0000000061516000 	C:\Program Files\Java\jre1.8.0_131\bin\zip.dll

VM Arguments:
jvm_args: -Dfile.encoding=Cp1252 
java_command: br.puc.rio.inf.paa.fractionalKnapsack.nlogn.MainFractionalKnapsackNlogN
java_class_path (initial): C:\Users\anaca_000\version-2\INF-2926\bin
Launcher Type: SUN_STANDARD

Environment Variables:
JAVA_HOME=C:\Program Files\Java\jdk1.8.0_111
PATH=C:/Program Files/Java/jre1.8.0_131/bin/server;C:/Program Files/Java/jre1.8.0_131/bin;C:/Program Files/Java/jre1.8.0_131/lib/amd64;C:\Python27\;C:\Python27\Scripts;C:\ProgramData\Oracle\Java\javapath;C:\Program Files (x86)\Intel\iCLS Client\;C:\Program Files\Intel\iCLS Client\;C:\WINDOWS\system32;C:\WINDOWS;C:\WINDOWS\System32\Wbem;C:\WINDOWS\System32\WindowsPowerShell\v1.0\;C:\Program Files (x86)\Intel\OpenCL SDK\2.0\bin\x86;C:\Program Files (x86)\Intel\OpenCL SDK\2.0\bin\x64;C:\Program Files\Intel\Intel(R) Management Engine Components\DAL;C:\Program Files\Intel\Intel(R) Management Engine Components\IPT;C:\Program Files (x86)\Intel\Intel(R) Management Engine Components\DAL;C:\Program Files (x86)\Intel\Intel(R) Management Engine Components\IPT;C:\Program Files (x86)\Notepad++;C:\Program Files\TortoiseSVN\bin;C:\Program Files\Java\jdk1.8.0_111\bin;C:\Program Files\Microsoft SQL Server\Client SDK\ODBC\110\Tools\Binn\;C:\Program Files (x86)\Microsoft SQL Server\120\Tools\Binn\;C:\Program Files\Microsoft SQL Server\120\Tools\Binn\;C:\Program Files\Microsoft SQL Server\120\DTS\Binn\;C:\Program Files (x86)\Microsoft SQL Server\120\DTS\Binn\;C:\Program Files (x86)\Microsoft SQL Server\Client SDK\ODBC\110\Tools\Binn\;C:\Program Files (x86)\Microsoft SQL Server\120\Tools\Binn\ManagementStudio\;C:\Program Files (x86)\Skype\Phone\;C:\Program Files\Git\cmd;C:\Users\anaca_000\Downloads\eclipse-jee-mars-R-win32-x86_64\eclipse;
USERNAME=anaca_000
OS=Windows_NT
PROCESSOR_IDENTIFIER=Intel64 Family 6 Model 42 Stepping 7, GenuineIntel



---------------  S Y S T E M  ---------------

OS: Windows 8.1 , 64 bit Build 9600 (6.3.9600.17415)

CPU:total 2 (initial active 2) (2 cores per cpu, 1 threads per core) family 6 model 42 stepping 7, cmov, cx8, fxsr, mmx, sse, sse2, sse3, ssse3, sse4.1, sse4.2, popcnt, clmul, tsc, tscinvbit

Memory: 4k page, physical 4075132k(374000k free), swap 7220860k(15980k free)

vm_info: Java HotSpot(TM) 64-Bit Server VM (25.131-b11) for windows-amd64 JRE (1.8.0_131-b11), built on Mar 15 2017 01:23:53 by "java_re" with MS VC++ 10.0 (VS2010)

time: Tue Jun 06 08:46:05 2017
elapsed time: 0 seconds (0d 0h 0m 0s)

